[debug] [2023-04-13T13:35:02.443Z] ----------------------------------------------------------------------
[debug] [2023-04-13T13:35:02.446Z] Command:       C:\Program Files\nodejs\node.exe C:\Users\HP\AppData\Roaming\npm\node_modules\firebase-tools\lib\bin\firebase.js init
[debug] [2023-04-13T13:35:02.447Z] CLI Version:   11.26.0
[debug] [2023-04-13T13:35:02.448Z] Platform:      win32
[debug] [2023-04-13T13:35:02.448Z] Node Version:  v18.15.0
[debug] [2023-04-13T13:35:02.449Z] Time:          Thu Apr 13 2023 19:05:02 GMT+0530 (India Standard Time)
[debug] [2023-04-13T13:35:02.450Z] ----------------------------------------------------------------------
[debug] 
[debug] [2023-04-13T13:35:02.468Z] > command requires scopes: ["email","openid","https://www.googleapis.com/auth/cloudplatformprojects.readonly","https://www.googleapis.com/auth/firebase","https://www.googleapis.com/auth/cloud-platform"]
[debug] [2023-04-13T13:35:02.469Z] > authorizing via signed-in user (sumandutta3262@gmail.com)
[info] 
     ######## #### ########  ######## ########     ###     ######  ########
     ##        ##  ##     ## ##       ##     ##  ##   ##  ##       ##
     ######    ##  ########  ######   ########  #########  ######  ######
     ##        ##  ##    ##  ##       ##     ## ##     ##       ## ##
     ##       #### ##     ## ######## ########  ##     ##  ######  ########

You're about to initialize a Firebase project in this directory:

  E:\DOT BATCH DEV\REACT\REACT  PROJECT\React WeatherApp

[info] 
=== Project Setup
[info] 
[info] First, let's associate this project directory with a Firebase project.
[info] You can create multiple project aliases by running firebase use --add, 
[info] but for now we'll just set up a default project.
[info] 
[debug] [2023-04-13T13:35:44.173Z] >>> [apiv2][query] GET https://firebase.googleapis.com/v1beta1/projects pageSize=100
[debug] [2023-04-13T13:35:45.178Z] <<< [apiv2][status] GET https://firebase.googleapis.com/v1beta1/projects 200
[debug] [2023-04-13T13:35:45.179Z] <<< [apiv2][body] GET https://firebase.googleapis.com/v1beta1/projects [omitted]
[info] i  Using project react-web-app-af100 (React Web App) 
[info] 
=== Hosting Setup
[info] 
[info] Your public directory is the folder (relative to your project directory) that
[info] will contain Hosting assets to be uploaded with firebase deploy. If you
[info] have a build process for your assets, use your build's output directory.
[info] 
